[0.661s] Invoking command in '/home/longuzi/deploy_sam2_ws/src/sam2_ros': PYTHONPATH=/home/longuzi/deploy_sam2_ws/build/sam2_ros/prefix_override:/usr/lib/python3/dist-packages/colcon_core/task/python/colcon_distutils_commands:/home/longuzi/deploy_sam2_ws/install/sam2_ros/lib/python3.10/site-packages:${PYTHONPATH} /usr/bin/python3 -W ignore:setup.py install is deprecated setup.py egg_info --egg-base ../../build/sam2_ros build --build-base /home/longuzi/deploy_sam2_ws/build/sam2_ros/build install --record /home/longuzi/deploy_sam2_ws/build/sam2_ros/install.log --single-version-externally-managed install_data
[0.908s] running egg_info
[0.909s] creating ../../build/sam2_ros/sam2_ros.egg-info
[0.909s] writing ../../build/sam2_ros/sam2_ros.egg-info/PKG-INFO
[0.909s] writing dependency_links to ../../build/sam2_ros/sam2_ros.egg-info/dependency_links.txt
[0.909s] writing entry points to ../../build/sam2_ros/sam2_ros.egg-info/entry_points.txt
[0.909s] writing requirements to ../../build/sam2_ros/sam2_ros.egg-info/requires.txt
[0.909s] writing top-level names to ../../build/sam2_ros/sam2_ros.egg-info/top_level.txt
[0.909s] writing manifest file '../../build/sam2_ros/sam2_ros.egg-info/SOURCES.txt'
[0.911s] reading manifest file '../../build/sam2_ros/sam2_ros.egg-info/SOURCES.txt'
[0.911s] writing manifest file '../../build/sam2_ros/sam2_ros.egg-info/SOURCES.txt'
[0.911s] running build
[0.912s] running build_py
[0.912s] creating /home/longuzi/deploy_sam2_ws/build/sam2_ros/build
[0.912s] creating /home/longuzi/deploy_sam2_ws/build/sam2_ros/build/lib
[0.912s] creating /home/longuzi/deploy_sam2_ws/build/sam2_ros/build/lib/sam2_ros
[0.912s] copying sam2_ros/__init__.py -> /home/longuzi/deploy_sam2_ws/build/sam2_ros/build/lib/sam2_ros
[0.912s] copying sam2_ros/camera_publisher.py -> /home/longuzi/deploy_sam2_ws/build/sam2_ros/build/lib/sam2_ros
[0.912s] running install
[0.912s] running install_lib
[0.913s] creating /home/longuzi/deploy_sam2_ws/install/sam2_ros/lib/python3.10/site-packages/sam2_ros
[0.913s] copying /home/longuzi/deploy_sam2_ws/build/sam2_ros/build/lib/sam2_ros/__init__.py -> /home/longuzi/deploy_sam2_ws/install/sam2_ros/lib/python3.10/site-packages/sam2_ros
[0.913s] copying /home/longuzi/deploy_sam2_ws/build/sam2_ros/build/lib/sam2_ros/camera_publisher.py -> /home/longuzi/deploy_sam2_ws/install/sam2_ros/lib/python3.10/site-packages/sam2_ros
[0.913s] byte-compiling /home/longuzi/deploy_sam2_ws/install/sam2_ros/lib/python3.10/site-packages/sam2_ros/__init__.py to __init__.cpython-310.pyc
[0.914s] byte-compiling /home/longuzi/deploy_sam2_ws/install/sam2_ros/lib/python3.10/site-packages/sam2_ros/camera_publisher.py to camera_publisher.cpython-310.pyc
[0.914s] running install_data
[0.914s] creating /home/longuzi/deploy_sam2_ws/install/sam2_ros/share/ament_index
[0.914s] creating /home/longuzi/deploy_sam2_ws/install/sam2_ros/share/ament_index/resource_index
[0.914s] creating /home/longuzi/deploy_sam2_ws/install/sam2_ros/share/ament_index/resource_index/packages
[0.914s] copying resource/sam2_ros -> /home/longuzi/deploy_sam2_ws/install/sam2_ros/share/ament_index/resource_index/packages
[0.914s] copying package.xml -> /home/longuzi/deploy_sam2_ws/install/sam2_ros/share/sam2_ros
[0.914s] running install_egg_info
[0.916s] Copying ../../build/sam2_ros/sam2_ros.egg-info to /home/longuzi/deploy_sam2_ws/install/sam2_ros/lib/python3.10/site-packages/sam2_ros-0.0.0-py3.10.egg-info
[0.917s] running install_scripts
[0.935s] Installing camera_publisher script to /home/longuzi/deploy_sam2_ws/install/sam2_ros/lib/sam2_ros
[0.936s] writing list of installed files to '/home/longuzi/deploy_sam2_ws/build/sam2_ros/install.log'
[0.955s] Invoked command in '/home/longuzi/deploy_sam2_ws/src/sam2_ros' returned '0': PYTHONPATH=/home/longuzi/deploy_sam2_ws/build/sam2_ros/prefix_override:/usr/lib/python3/dist-packages/colcon_core/task/python/colcon_distutils_commands:/home/longuzi/deploy_sam2_ws/install/sam2_ros/lib/python3.10/site-packages:${PYTHONPATH} /usr/bin/python3 -W ignore:setup.py install is deprecated setup.py egg_info --egg-base ../../build/sam2_ros build --build-base /home/longuzi/deploy_sam2_ws/build/sam2_ros/build install --record /home/longuzi/deploy_sam2_ws/build/sam2_ros/install.log --single-version-externally-managed install_data
