[0.632s] Invoking command in '/home/longuzi/deploy_sam2_ws/build/sam2_ros': PYTHONPATH=/home/longuzi/deploy_sam2_ws/build/sam2_ros/prefix_override:/usr/lib/python3/dist-packages/colcon_core/task/python/colcon_distutils_commands:/home/longuzi/deploy_sam2_ws/install/sam2_ros/lib/python3.10/site-packages:${PYTHONPATH} /usr/bin/python3 -W ignore:setup.py install is deprecated setup.py develop --uninstall --editable --build-directory /home/longuzi/deploy_sam2_ws/build/sam2_ros/build
[0.918s] running develop
[0.919s] /usr/lib/python3/dist-packages/setuptools/command/easy_install.py:158: EasyInstallDeprecationWarning: easy_install command is deprecated. Use build and pip and other standards-based tools.
[0.919s]   warnings.warn(
[1.129s] Removing /home/longuzi/deploy_sam2_ws/install/sam2_ros/lib/python3.10/site-packages/sam2-ros.egg-link (link to .)
[1.164s] Invoked command in '/home/longuzi/deploy_sam2_ws/build/sam2_ros' returned '0': PYTHONPATH=/home/longuzi/deploy_sam2_ws/build/sam2_ros/prefix_override:/usr/lib/python3/dist-packages/colcon_core/task/python/colcon_distutils_commands:/home/longuzi/deploy_sam2_ws/install/sam2_ros/lib/python3.10/site-packages:${PYTHONPATH} /usr/bin/python3 -W ignore:setup.py install is deprecated setup.py develop --uninstall --editable --build-directory /home/longuzi/deploy_sam2_ws/build/sam2_ros/build
[1.166s] Invoking command in '/home/longuzi/deploy_sam2_ws/src/sam2_ros': PYTHONPATH=/home/longuzi/deploy_sam2_ws/build/sam2_ros/prefix_override:/usr/lib/python3/dist-packages/colcon_core/task/python/colcon_distutils_commands:/home/longuzi/deploy_sam2_ws/install/sam2_ros/lib/python3.10/site-packages:${PYTHONPATH} /usr/bin/python3 -W ignore:setup.py install is deprecated setup.py egg_info --egg-base ../../build/sam2_ros build --build-base /home/longuzi/deploy_sam2_ws/build/sam2_ros/build install --record /home/longuzi/deploy_sam2_ws/build/sam2_ros/install.log --single-version-externally-managed install_data --force
[1.421s] running egg_info
[1.421s] writing ../../build/sam2_ros/sam2_ros.egg-info/PKG-INFO
[1.422s] writing dependency_links to ../../build/sam2_ros/sam2_ros.egg-info/dependency_links.txt
[1.422s] writing entry points to ../../build/sam2_ros/sam2_ros.egg-info/entry_points.txt
[1.422s] writing requirements to ../../build/sam2_ros/sam2_ros.egg-info/requires.txt
[1.422s] writing top-level names to ../../build/sam2_ros/sam2_ros.egg-info/top_level.txt
[1.423s] reading manifest file '../../build/sam2_ros/sam2_ros.egg-info/SOURCES.txt'
[1.424s] writing manifest file '../../build/sam2_ros/sam2_ros.egg-info/SOURCES.txt'
[1.424s] running build
[1.424s] running build_py
[1.424s] copying sam2_ros/sam2_processor.py -> /home/longuzi/deploy_sam2_ws/build/sam2_ros/build/lib/sam2_ros
[1.425s] copying sam2_ros/sam2_model_node.py -> /home/longuzi/deploy_sam2_ws/build/sam2_ros/build/lib/sam2_ros
[1.425s] running install
[1.425s] running install_lib
[1.426s] creating /home/longuzi/deploy_sam2_ws/install/sam2_ros/lib/python3.10/site-packages/sam2_ros
[1.426s] copying /home/longuzi/deploy_sam2_ws/build/sam2_ros/build/lib/sam2_ros/__init__.py -> /home/longuzi/deploy_sam2_ws/install/sam2_ros/lib/python3.10/site-packages/sam2_ros
[1.426s] copying /home/longuzi/deploy_sam2_ws/build/sam2_ros/build/lib/sam2_ros/sam2_processor.py -> /home/longuzi/deploy_sam2_ws/install/sam2_ros/lib/python3.10/site-packages/sam2_ros
[1.426s] copying /home/longuzi/deploy_sam2_ws/build/sam2_ros/build/lib/sam2_ros/camera_publisher.py -> /home/longuzi/deploy_sam2_ws/install/sam2_ros/lib/python3.10/site-packages/sam2_ros
[1.427s] copying /home/longuzi/deploy_sam2_ws/build/sam2_ros/build/lib/sam2_ros/sam2_model_node.py -> /home/longuzi/deploy_sam2_ws/install/sam2_ros/lib/python3.10/site-packages/sam2_ros
[1.427s] byte-compiling /home/longuzi/deploy_sam2_ws/install/sam2_ros/lib/python3.10/site-packages/sam2_ros/__init__.py to __init__.cpython-310.pyc
[1.428s] byte-compiling /home/longuzi/deploy_sam2_ws/install/sam2_ros/lib/python3.10/site-packages/sam2_ros/sam2_processor.py to sam2_processor.cpython-310.pyc
[1.429s] byte-compiling /home/longuzi/deploy_sam2_ws/install/sam2_ros/lib/python3.10/site-packages/sam2_ros/camera_publisher.py to camera_publisher.cpython-310.pyc
[1.429s] byte-compiling /home/longuzi/deploy_sam2_ws/install/sam2_ros/lib/python3.10/site-packages/sam2_ros/sam2_model_node.py to sam2_model_node.cpython-310.pyc
[1.430s] running install_data
[1.431s] copying resource/sam2_ros -> /home/longuzi/deploy_sam2_ws/install/sam2_ros/share/ament_index/resource_index/packages
[1.431s] copying package.xml -> /home/longuzi/deploy_sam2_ws/install/sam2_ros/share/sam2_ros
[1.431s] running install_egg_info
[1.432s] Copying ../../build/sam2_ros/sam2_ros.egg-info to /home/longuzi/deploy_sam2_ws/install/sam2_ros/lib/python3.10/site-packages/sam2_ros-0.0.0-py3.10.egg-info
[1.434s] running install_scripts
[1.452s] Installing camera_publisher script to /home/longuzi/deploy_sam2_ws/install/sam2_ros/lib/sam2_ros
[1.452s] Installing sam2_segmentation_node script to /home/longuzi/deploy_sam2_ws/install/sam2_ros/lib/sam2_ros
[1.452s] writing list of installed files to '/home/longuzi/deploy_sam2_ws/build/sam2_ros/install.log'
[1.472s] Invoked command in '/home/longuzi/deploy_sam2_ws/src/sam2_ros' returned '0': PYTHONPATH=/home/longuzi/deploy_sam2_ws/build/sam2_ros/prefix_override:/usr/lib/python3/dist-packages/colcon_core/task/python/colcon_distutils_commands:/home/longuzi/deploy_sam2_ws/install/sam2_ros/lib/python3.10/site-packages:${PYTHONPATH} /usr/bin/python3 -W ignore:setup.py install is deprecated setup.py egg_info --egg-base ../../build/sam2_ros build --build-base /home/longuzi/deploy_sam2_ws/build/sam2_ros/build install --record /home/longuzi/deploy_sam2_ws/build/sam2_ros/install.log --single-version-externally-managed install_data --force
