[0.618s] Invoking command in '/home/longuzi/deploy_sam2_ws/src/sam2_ros': PYTHONPATH=/home/longuzi/deploy_sam2_ws/build/sam2_ros/prefix_override:/usr/lib/python3/dist-packages/colcon_core/task/python/colcon_distutils_commands:/home/longuzi/deploy_sam2_ws/install/sam2_ros/lib/python3.10/site-packages:${PYTHONPATH} /usr/bin/python3 -W ignore:setup.py install is deprecated setup.py egg_info --egg-base ../../build/sam2_ros build --build-base /home/longuzi/deploy_sam2_ws/build/sam2_ros/build install --record /home/longuzi/deploy_sam2_ws/build/sam2_ros/install.log --single-version-externally-managed install_data
[0.872s] running egg_info
[0.872s] writing ../../build/sam2_ros/sam2_ros.egg-info/PKG-INFO
[0.872s] writing dependency_links to ../../build/sam2_ros/sam2_ros.egg-info/dependency_links.txt
[0.873s] writing entry points to ../../build/sam2_ros/sam2_ros.egg-info/entry_points.txt
[0.873s] writing requirements to ../../build/sam2_ros/sam2_ros.egg-info/requires.txt
[0.873s] writing top-level names to ../../build/sam2_ros/sam2_ros.egg-info/top_level.txt
[0.875s] reading manifest file '../../build/sam2_ros/sam2_ros.egg-info/SOURCES.txt'
[0.876s] writing manifest file '../../build/sam2_ros/sam2_ros.egg-info/SOURCES.txt'
[0.876s] running build
[0.876s] running build_py
[0.877s] running install
[0.877s] running install_lib
[0.878s] running install_data
[0.878s] running install_egg_info
[0.880s] removing '/home/longuzi/deploy_sam2_ws/install/sam2_ros/lib/python3.10/site-packages/sam2_ros-0.0.0-py3.10.egg-info' (and everything under it)
[0.880s] Copying ../../build/sam2_ros/sam2_ros.egg-info to /home/longuzi/deploy_sam2_ws/install/sam2_ros/lib/python3.10/site-packages/sam2_ros-0.0.0-py3.10.egg-info
[0.880s] running install_scripts
[0.899s] Installing camera_publisher script to /home/longuzi/deploy_sam2_ws/install/sam2_ros/lib/sam2_ros
[0.899s] Installing sam2_model_node script to /home/longuzi/deploy_sam2_ws/install/sam2_ros/lib/sam2_ros
[0.899s] writing list of installed files to '/home/longuzi/deploy_sam2_ws/build/sam2_ros/install.log'
[0.917s] Invoked command in '/home/longuzi/deploy_sam2_ws/src/sam2_ros' returned '0': PYTHONPATH=/home/longuzi/deploy_sam2_ws/build/sam2_ros/prefix_override:/usr/lib/python3/dist-packages/colcon_core/task/python/colcon_distutils_commands:/home/longuzi/deploy_sam2_ws/install/sam2_ros/lib/python3.10/site-packages:${PYTHONPATH} /usr/bin/python3 -W ignore:setup.py install is deprecated setup.py egg_info --egg-base ../../build/sam2_ros build --build-base /home/longuzi/deploy_sam2_ws/build/sam2_ros/build install --record /home/longuzi/deploy_sam2_ws/build/sam2_ros/install.log --single-version-externally-managed install_data
