[0.708s] Invoking command in '/home/longuzi/deploy_sam2_ws/build/sam2_ros': PYTHONPATH=/home/longuzi/deploy_sam2_ws/build/sam2_ros/prefix_override:/usr/lib/python3/dist-packages/colcon_core/task/python/colcon_distutils_commands:/home/longuzi/deploy_sam2_ws/install/sam2_ros/lib/python3.10/site-packages:${PYTHONPATH} /usr/bin/python3 -W ignore:setup.py install is deprecated setup.py develop --editable --build-directory /home/longuzi/deploy_sam2_ws/build/sam2_ros/build --no-deps symlink_data
[0.981s] running develop
[0.982s] /usr/lib/python3/dist-packages/setuptools/command/easy_install.py:158: EasyInstallDeprecationWarning: easy_install command is deprecated. Use build and pip and other standards-based tools.
[0.982s]   warnings.warn(
[1.212s] running egg_info
[1.212s] writing sam2_ros.egg-info/PKG-INFO
[1.212s] writing dependency_links to sam2_ros.egg-info/dependency_links.txt
[1.213s] writing entry points to sam2_ros.egg-info/entry_points.txt
[1.213s] writing requirements to sam2_ros.egg-info/requires.txt
[1.213s] writing top-level names to sam2_ros.egg-info/top_level.txt
[1.215s] reading manifest file 'sam2_ros.egg-info/SOURCES.txt'
[1.216s] writing manifest file 'sam2_ros.egg-info/SOURCES.txt'
[1.218s] running build_ext
[1.218s] Creating /home/longuzi/deploy_sam2_ws/install/sam2_ros/lib/python3.10/site-packages/sam2-ros.egg-link (link to .)
[1.219s] Installing camera_publisher script to /home/longuzi/deploy_sam2_ws/install/sam2_ros/lib/sam2_ros
[1.219s] Installing sam2_segmentation_node script to /home/longuzi/deploy_sam2_ws/install/sam2_ros/lib/sam2_ros
[1.219s] 
[1.219s] Installed /home/longuzi/deploy_sam2_ws/build/sam2_ros
[1.219s] running symlink_data
[1.244s] Invoked command in '/home/longuzi/deploy_sam2_ws/build/sam2_ros' returned '0': PYTHONPATH=/home/longuzi/deploy_sam2_ws/build/sam2_ros/prefix_override:/usr/lib/python3/dist-packages/colcon_core/task/python/colcon_distutils_commands:/home/longuzi/deploy_sam2_ws/install/sam2_ros/lib/python3.10/site-packages:${PYTHONPATH} /usr/bin/python3 -W ignore:setup.py install is deprecated setup.py develop --editable --build-directory /home/longuzi/deploy_sam2_ws/build/sam2_ros/build --no-deps symlink_data
