[0.641s] Invoking command in '/home/longuzi/deploy_sam2_ws/src/sam2_ros': PYTHONPATH=/home/longuzi/deploy_sam2_ws/build/sam2_ros/prefix_override:/usr/lib/python3/dist-packages/colcon_core/task/python/colcon_distutils_commands:/home/longuzi/deploy_sam2_ws/install/sam2_ros/lib/python3.10/site-packages:${PYTHONPATH} /usr/bin/python3 -W ignore:setup.py install is deprecated setup.py egg_info --egg-base ../../build/sam2_ros build --build-base /home/longuzi/deploy_sam2_ws/build/sam2_ros/build install --record /home/longuzi/deploy_sam2_ws/build/sam2_ros/install.log --single-version-externally-managed install_data
[0.911s] running egg_info
[0.912s] writing ../../build/sam2_ros/sam2_ros.egg-info/PKG-INFO
[0.912s] writing dependency_links to ../../build/sam2_ros/sam2_ros.egg-info/dependency_links.txt
[0.912s] writing entry points to ../../build/sam2_ros/sam2_ros.egg-info/entry_points.txt
[0.912s] writing requirements to ../../build/sam2_ros/sam2_ros.egg-info/requires.txt
[0.912s] writing top-level names to ../../build/sam2_ros/sam2_ros.egg-info/top_level.txt
[0.914s] reading manifest file '../../build/sam2_ros/sam2_ros.egg-info/SOURCES.txt'
[0.914s] writing manifest file '../../build/sam2_ros/sam2_ros.egg-info/SOURCES.txt'
[0.915s] running build
[0.915s] running build_py
[0.915s] copying sam2_ros/sam2_model_node.py -> /home/longuzi/deploy_sam2_ws/build/sam2_ros/build/lib/sam2_ros
[0.915s] running install
[0.915s] running install_lib
[0.916s] copying /home/longuzi/deploy_sam2_ws/build/sam2_ros/build/lib/sam2_ros/sam2_model_node.py -> /home/longuzi/deploy_sam2_ws/install/sam2_ros/lib/python3.10/site-packages/sam2_ros
[0.916s] byte-compiling /home/longuzi/deploy_sam2_ws/install/sam2_ros/lib/python3.10/site-packages/sam2_ros/sam2_model_node.py to sam2_model_node.cpython-310.pyc
[0.917s] running install_data
[0.917s] running install_egg_info
[0.919s] removing '/home/longuzi/deploy_sam2_ws/install/sam2_ros/lib/python3.10/site-packages/sam2_ros-0.0.0-py3.10.egg-info' (and everything under it)
[0.919s] Copying ../../build/sam2_ros/sam2_ros.egg-info to /home/longuzi/deploy_sam2_ws/install/sam2_ros/lib/python3.10/site-packages/sam2_ros-0.0.0-py3.10.egg-info
[0.920s] running install_scripts
[0.940s] Installing camera_publisher script to /home/longuzi/deploy_sam2_ws/install/sam2_ros/lib/sam2_ros
[0.940s] Installing sam2_model_node script to /home/longuzi/deploy_sam2_ws/install/sam2_ros/lib/sam2_ros
[0.940s] writing list of installed files to '/home/longuzi/deploy_sam2_ws/build/sam2_ros/install.log'
[0.959s] Invoked command in '/home/longuzi/deploy_sam2_ws/src/sam2_ros' returned '0': PYTHONPATH=/home/longuzi/deploy_sam2_ws/build/sam2_ros/prefix_override:/usr/lib/python3/dist-packages/colcon_core/task/python/colcon_distutils_commands:/home/longuzi/deploy_sam2_ws/install/sam2_ros/lib/python3.10/site-packages:${PYTHONPATH} /usr/bin/python3 -W ignore:setup.py install is deprecated setup.py egg_info --egg-base ../../build/sam2_ros build --build-base /home/longuzi/deploy_sam2_ws/build/sam2_ros/build install --record /home/longuzi/deploy_sam2_ws/build/sam2_ros/install.log --single-version-externally-managed install_data
