running egg_info
writing ../../build/sam2_ros/sam2_ros.egg-info/PKG-INFO
writing dependency_links to ../../build/sam2_ros/sam2_ros.egg-info/dependency_links.txt
writing entry points to ../../build/sam2_ros/sam2_ros.egg-info/entry_points.txt
writing requirements to ../../build/sam2_ros/sam2_ros.egg-info/requires.txt
writing top-level names to ../../build/sam2_ros/sam2_ros.egg-info/top_level.txt
reading manifest file '../../build/sam2_ros/sam2_ros.egg-info/SOURCES.txt'
writing manifest file '../../build/sam2_ros/sam2_ros.egg-info/SOURCES.txt'
running build
running build_py
copying sam2_ros/sam2_model_node.py -> /home/longuzi/deploy_sam2_ws/build/sam2_ros/build/lib/sam2_ros
running install
running install_lib
copying /home/longuzi/deploy_sam2_ws/build/sam2_ros/build/lib/sam2_ros/sam2_model_node.py -> /home/longuzi/deploy_sam2_ws/install/sam2_ros/lib/python3.10/site-packages/sam2_ros
byte-compiling /home/longuzi/deploy_sam2_ws/install/sam2_ros/lib/python3.10/site-packages/sam2_ros/sam2_model_node.py to sam2_model_node.cpython-310.pyc
running install_data
copying package.xml -> /home/longuzi/deploy_sam2_ws/install/sam2_ros/share/sam2_ros
running install_egg_info
removing '/home/longuzi/deploy_sam2_ws/install/sam2_ros/lib/python3.10/site-packages/sam2_ros-0.0.0-py3.10.egg-info' (and everything under it)
Copying ../../build/sam2_ros/sam2_ros.egg-info to /home/longuzi/deploy_sam2_ws/install/sam2_ros/lib/python3.10/site-packages/sam2_ros-0.0.0-py3.10.egg-info
running install_scripts
Installing camera_publisher script to /home/longuzi/deploy_sam2_ws/install/sam2_ros/lib/sam2_ros
Installing sam2_model_node script to /home/longuzi/deploy_sam2_ws/install/sam2_ros/lib/sam2_ros
writing list of installed files to '/home/longuzi/deploy_sam2_ws/build/sam2_ros/install.log'
