[0.626s] Invoking command in '/home/longuzi/deploy_sam2_ws/build/sam2_ros': PYTHONPATH=/home/longuzi/deploy_sam2_ws/build/sam2_ros/prefix_override:/usr/lib/python3/dist-packages/colcon_core/task/python/colcon_distutils_commands:/home/longuzi/deploy_sam2_ws/install/sam2_ros/lib/python3.10/site-packages:${PYTHONPATH} /usr/bin/python3 -W ignore:setup.py install is deprecated setup.py develop --editable --build-directory /home/longuzi/deploy_sam2_ws/build/sam2_ros/build --no-deps symlink_data
[0.898s] running develop
[0.898s] /usr/lib/python3/dist-packages/setuptools/command/easy_install.py:158: EasyInstallDeprecationWarning: easy_install command is deprecated. Use build and pip and other standards-based tools.
[0.898s]   warnings.warn(
[1.094s] running egg_info
[1.094s] writing sam2_ros.egg-info/PKG-INFO
[1.095s] writing dependency_links to sam2_ros.egg-info/dependency_links.txt
[1.095s] writing entry points to sam2_ros.egg-info/entry_points.txt
[1.095s] writing requirements to sam2_ros.egg-info/requires.txt
[1.095s] writing top-level names to sam2_ros.egg-info/top_level.txt
[1.097s] reading manifest file 'sam2_ros.egg-info/SOURCES.txt'
[1.097s] writing manifest file 'sam2_ros.egg-info/SOURCES.txt'
[1.099s] running build_ext
[1.099s] Creating /home/longuzi/deploy_sam2_ws/install/sam2_ros/lib/python3.10/site-packages/sam2-ros.egg-link (link to .)
[1.100s] Installing camera_publisher script to /home/longuzi/deploy_sam2_ws/install/sam2_ros/lib/sam2_ros
[1.100s] Installing sam2_model_node script to /home/longuzi/deploy_sam2_ws/install/sam2_ros/lib/sam2_ros
[1.100s] 
[1.100s] Installed /home/longuzi/deploy_sam2_ws/build/sam2_ros
[1.100s] running symlink_data
[1.122s] Invoked command in '/home/longuzi/deploy_sam2_ws/build/sam2_ros' returned '0': PYTHONPATH=/home/longuzi/deploy_sam2_ws/build/sam2_ros/prefix_override:/usr/lib/python3/dist-packages/colcon_core/task/python/colcon_distutils_commands:/home/longuzi/deploy_sam2_ws/install/sam2_ros/lib/python3.10/site-packages:${PYTHONPATH} /usr/bin/python3 -W ignore:setup.py install is deprecated setup.py develop --editable --build-directory /home/longuzi/deploy_sam2_ws/build/sam2_ros/build --no-deps symlink_data
